Performing C++ SOURCE FILE Test HAVE_UINT128_T failed with the following output:
Change Dir: /home/ahmedjk34/ns-allinone-3.41/ns-3.41/cmake-cache/CMakeFiles/CMakeScratch/TryCompile-OUw0VW

Run Build Command(s):/usr/bin/gmake -f Makefile cmTC_dc90a/fast && /usr/bin/gmake  -f CMakeFiles/cmTC_dc90a.dir/build.make CMakeFiles/cmTC_dc90a.dir/build
gmake[1]: Entering directory '/home/ahmedjk34/ns-allinone-3.41/ns-3.41/cmake-cache/CMakeFiles/CMakeScratch/TryCompile-OUw0VW'
Building CXX object CMakeFiles/cmTC_dc90a.dir/src.cxx.o
/usr/bin/c++ -DHAVE_UINT128_T  -fPIE -std=c++20 -o CMakeFiles/cmTC_dc90a.dir/src.cxx.o -c /home/ahmedjk34/ns-allinone-3.41/ns-3.41/cmake-cache/CMakeFiles/CMakeScratch/TryCompile-OUw0VW/src.cxx
/home/ahmedjk34/ns-allinone-3.41/ns-3.41/cmake-cache/CMakeFiles/CMakeScratch/TryCompile-OUw0VW/src.cxx: In function ‘int main()’:
/home/ahmedjk34/ns-allinone-3.41/ns-3.41/cmake-cache/CMakeFiles/CMakeScratch/TryCompile-OUw0VW/src.cxx:4:18: error: ‘uint128_t’ was not declared in this scope; did you mean ‘uint8_t’?
    4 |             if ((uint128_t *) 0) return 0;
      |                  ^~~~~~~~~
      |                  uint8_t
/home/ahmedjk34/ns-allinone-3.41/ns-3.41/cmake-cache/CMakeFiles/CMakeScratch/TryCompile-OUw0VW/src.cxx:4:29: error: expected primary-expression before ‘)’ token
    4 |             if ((uint128_t *) 0) return 0;
      |                             ^
/home/ahmedjk34/ns-allinone-3.41/ns-3.41/cmake-cache/CMakeFiles/CMakeScratch/TryCompile-OUw0VW/src.cxx:4:30: error: expected ‘)’ before numeric constant
    4 |             if ((uint128_t *) 0) return 0;
      |                ~             ^~
      |                              )
/home/ahmedjk34/ns-allinone-3.41/ns-3.41/cmake-cache/CMakeFiles/CMakeScratch/TryCompile-OUw0VW/src.cxx:5:25: error: ‘uint128_t’ was not declared in this scope; did you mean ‘uint8_t’?
    5 |             if (sizeof (uint128_t)) return 0;
      |                         ^~~~~~~~~
      |                         uint8_t
gmake[1]: *** [CMakeFiles/cmTC_dc90a.dir/build.make:78: CMakeFiles/cmTC_dc90a.dir/src.cxx.o] Error 1
gmake[1]: Leaving directory '/home/ahmedjk34/ns-allinone-3.41/ns-3.41/cmake-cache/CMakeFiles/CMakeScratch/TryCompile-OUw0VW'
gmake: *** [Makefile:127: cmTC_dc90a/fast] Error 2


Source file was:
#include <stdint.h>
       int main()
         {
            if ((uint128_t *) 0) return 0;
            if (sizeof (uint128_t)) return 0;
            return 1;
         }

